<?xml version="1.0" encoding="UTF-8"?>
<!-- Generated by org.testng.reporters.JUnitXMLReporter -->
<testsuite hostname="CMBWSVM14" ignored="0" name="Login Page Test" tests="4" failures="0" timestamp="05 Jun 2019 10:44:22 GMT" time="16.303" errors="0">
  <testcase name="loginPageTitleTest" time="0.061" classname="testcases.LoginPageTest"/>
  <testcase name="peerlesslogoTest" time="0.148" classname="testcases.LoginPageTest"/>
  <testcase name="welcomMessageText" time="0.057" classname="testcases.LoginPageTest"/>
  <testcase name="logingtest" time="0.463" classname="testcases.LoginPageTest"/>
</testsuite> <!-- Login Page Test -->
