<?xml version="1.0" encoding="UTF-8"?>
<testsuite xmlns:xsi="http://www.w3.org/2001/XMLSchema-instance" xsi:schemaLocation="https://maven.apache.org/surefire/maven-surefire-plugin/xsd/surefire-test-report.xsd" name="TestSuite" time="44.781" tests="6" errors="0" skipped="0" failures="0">
  <properties>
[...]
</properties>
  <testcase name="loginPageTitleTest" classname="testcases.LoginPageTest" time="0.059"/>
  <testcase name="peerlesslogoTest" classname="testcases.LoginPageTest" time="0.148"/>
  <testcase name="welcomMessageText" classname="testcases.LoginPageTest" time="0.057"/>
  <testcase name="logingtest" classname="testcases.LoginPageTest" time="0.463"/>
  <testcase name="validateUserNameTest" classname="testcases.HomePageTest" time="18.172"/>
  <testcase name="validatePageTitleTest" classname="testcases.HomePageTest" time="0.009"/>
</testsuite>